Arguments: 
  C:\Program Files\nodejs\node.exe C:\Program Files (x86)\Yarn\bin\yarn.js publish

PATH: 
  C:\Users\James\bin;B:\Program Files\Git\mingw64\bin;B:\Program Files\Git\usr\local\bin;B:\Program Files\Git\usr\bin;B:\Program Files\Git\usr\bin;B:\Program Files\Git\cmd;C:\Program Files\ConEmu\ConEmu\Scripts;C:\Program Files\ConEmu;C:\Program Files\ConEmu\ConEmu;C:\ProgramData\Oracle\Java\javapath;C:\Program Files (x86)\ActiveState Komodo Edit 9;C:\Perl64\site\bin;C:\Perl64\bin;C:\Windows\system32;C:\Windows;C:\Windows\System32\Wbem;C:\Windows\System32\WindowsPowerShell\v1.0;C:\Program Files (x86)\NVIDIA Corporation\PhysX\Common;C:\WINDOWS\system32;C:\WINDOWS;C:\WINDOWS\System32\Wbem;C:\WINDOWS\System32\WindowsPowerShell\v1.0;C:\Program Files (x86)\QuickTime\QTSystem;C:\WINDOWS\system32\config\systemprofile\.dnx\bin;C:\Program Files\Microsoft DNX\Dnvm;C:\Program Files\Microsoft SQL Server\130\Tools\Binn;B:\Program Files\php-7.0.6-Win32-VC14-x64;C:\ProgramData\ComposerSetup\bin;C:\Program Files (x86)\Brackets\command;C:\WINDOWS\SysWOW64\WindowsPowerShell\v1.0\Modules\TShell\TShell;C:\Program Files (x86)\Windows Live\Shared;C:\Program Files (x86)\Skype\Phone;B:\Program Files\Git\cmd;C:\Program Files\nodejs;C:\Program Files (x86)\Yarn\bin;C:\RailsInstaller\Git\cmd;C:\RailsInstaller\Ruby2.3.0\bin;C:\RailsInstaller\Ruby2.2.0\bin;B:\Program Files\Ruby23-x64\bin;C:\Ruby22-x64\bin;B:\Program Files\curl\bin;C:\Users\James\AppData\Local\Microsoft\WindowsApps;C:\Users\James\AppData\Roaming\Composer\vendor\bin;C:\Users\James\AppData\Roaming\npm;C:\Program Files\Microsoft VS Code\bin;C:\Users\James\AppData\Local\Yarn\bin;C:\Program Files\MongoDB\Server\3.4\bin;C:\Users\James\AppData\Roaming\Composer\vendor\bin;B:\Program Files\Git\usr\bin\vendor_perl;B:\Program Files\Git\usr\bin\core_perl

Yarn version: 
  1.1.0

Node version: 
  6.11.2

Platform: 
  win32 x64

npm manifest: 
  {
    "name": "react-traverse",
    "version": "0.0.3",
    "description": "React Nodes and Components Traversal",
    "main": "dist/node/prod/lib/index.js",
    "browser": "dist/browser/lib/app/index.js",
    "scripts": {
      "test": "gulp test"
    },
    "repository": {
      "type": "git",
      "url": "git+https://github.com/elierotenberg/react-traverse.git"
    },
    "author": "Elie Rotenberg <elie@rotenberg.io>",
    "license": "MIT",
    "bugs": {
      "url": "https://github.com/elierotenberg/react-traverse/issues"
    },
    "homepage": "https://github.com/elierotenberg/react-traverse#readme",
    "private": false,
    "devDependencies": {
      "babel-eslint": "^5.0.0-beta6",
      "babel-plugin-react-display-name": "^2.0.0",
      "babel-plugin-syntax-async-generators": "^6.3.13",
      "babel-plugin-syntax-trailing-function-commas": "^6.3.13",
      "babel-plugin-transform-async-to-module-method": "^6.4.0",
      "babel-plugin-transform-class-constructor-call": "^6.4.0",
      "babel-plugin-transform-class-properties": "^6.4.0",
      "babel-plugin-transform-decorators-legacy": "^1.3.4",
      "babel-plugin-transform-es2015-arrow-functions": "^6.4.0",
      "babel-plugin-transform-es2015-block-scoped-functions": "^6.3.13",
      "babel-plugin-transform-es2015-block-scoping": "^6.4.0",
      "babel-plugin-transform-es2015-classes": "^6.4.5",
      "babel-plugin-transform-es2015-computed-properties": "^6.4.0",
      "babel-plugin-transform-es2015-constants": "^6.1.4",
      "babel-plugin-transform-es2015-destructuring": "^6.4.0",
      "babel-plugin-transform-es2015-for-of": "^6.3.13",
      "babel-plugin-transform-es2015-function-name": "^6.4.0",
      "babel-plugin-transform-es2015-literals": "^6.3.13",
      "babel-plugin-transform-es2015-modules-commonjs": "^6.4.5",
      "babel-plugin-transform-es2015-object-super": "^6.4.0",
      "babel-plugin-transform-es2015-parameters": "^6.4.5",
      "babel-plugin-transform-es2015-shorthand-properties": "^6.3.13",
      "babel-plugin-transform-es2015-spread": "^6.4.0",
      "babel-plugin-transform-es2015-sticky-regex": "^6.3.13",
      "babel-plugin-transform-es2015-template-literals": "^6.3.13",
      "babel-plugin-transform-es2015-typeof-symbol": "^6.4.3",
      "babel-plugin-transform-es2015-unicode-regex": "^6.4.3",
      "babel-plugin-transform-eval": "^6.3.13",
      "babel-plugin-transform-exponentiation-operator": "^6.3.13",
      "babel-plugin-transform-flow-strip-types": "^6.4.0",
      "babel-plugin-transform-jscript": "^6.4.0",
      "babel-plugin-transform-object-assign": "^6.3.13",
      "babel-plugin-transform-object-rest-spread": "^6.3.13",
      "babel-plugin-transform-object-set-prototype-of-to-assign": "^6.3.13",
      "babel-plugin-transform-proto-to-assign": "^6.4.0",
      "babel-plugin-transform-react-constant-elements": "^6.4.0",
      "babel-plugin-transform-react-display-name": "^6.4.0",
      "babel-plugin-transform-react-inline-elements": "^6.4.0",
      "babel-plugin-transform-react-jsx": "^6.4.0",
      "babel-plugin-transform-regenerator": "^6.4.4",
      "babel-plugin-transform-runtime": "^6.4.3",
      "babel-plugin-transform-undefined-to-void": "^6.3.13",
      "babel-register": "^6.4.3",
      "eslint": "^1.10.3",
      "eslint-plugin-babel": "^3.0.0",
      "eslint-plugin-react": "^3.15.0",
      "gulp": "^3.9.0",
      "gulp-babel": "^6.1.1",
      "gulp-changed": "^1.3.0",
      "gulp-eslint": "^1.1.1",
      "gulp-mocha": "^2.2.0",
      "gulp-plumber": "^1.0.1",
      "gulp-sourcemaps": "^1.6.0",
      "gulp-util": "^3.0.7",
      "json-loader": "^0.5.4",
      "mocha": "^2.3.4",
      "react": "^0.14.7",
      "react-dom": "^0.14.7",
      "rimraf": "^2.5.0",
      "run-sequence": "^1.1.5",
      "sha1": "^1.1.1",
      "should": "^8.1.1",
      "source-map-support": "^0.4.0",
      "through2": "^2.0.0"
    },
    "dependencies": {
      "babel-polyfill": "^6.3.14",
      "babel-runtime": "^6.3.19",
      "bluebird": "^3.1.1",
      "lodash": "^4.0.0"
    },
    "peerDependencies": {
      "react": "^0.14.7"
    }
  }

yarn manifest: 
  No manifest

Lockfile: 
  No lockfile

Trace: 
  Error: canceled
      at Interface.<anonymous> (C:\Program Files (x86)\Yarn\lib\cli.js:119877:13)
      at emitNone (events.js:86:13)
      at Interface.emit (events.js:185:7)
      at Interface._ttyWrite (readline.js:726:16)
      at ReadStream.onkeypress (readline.js:120:10)
      at emitTwo (events.js:106:13)
      at ReadStream.emit (events.js:191:7)
      at emitKeys (internal/readline.js:389:14)
      at next (native)
      at ReadStream.onData (readline.js:972:36)
